### Browser `p12final` opened with pid 17575.
### Ran Playwright code
```js
await page.goto('http://127.0.0.1:4173');
```
### Page
- Page URL: http://127.0.0.1:4173/
- Page Title: design-ai Website Improvement Console
### Snapshot
- [Snapshot](.playwright-cli/page-2026-07-15T15-34-11-799Z.yml)
### Ran Playwright code
```js
await page.setViewportSize({ width: 1440, height: 1000 });
```
### Result
{
  "viewport": [
    1440,
    1000
  ],
  "bodyScrollWidth": 1440,
  "bodyClientWidth": 1440,
  "sidebarPosition": "sticky",
  "navDisplay": "grid",
  "mainTop": 0
}
### Ran Playwright code
```js
await page.evaluate('() => (({viewport:[innerWidth,innerHeight],bodyScrollWidth:document.body.scrollWidth,bodyClientWidth:document.body.clientWidth,sidebarPosition:getComputedStyle(document.querySelector(\'.sidebar\')).position,navDisplay:getComputedStyle(document.querySelector(\'.nav-list\')).display,mainTop:Math.round(document.querySelector(\'main.main\').getBoundingClientRect().top)}))');
```
### Result
- [Screenshot of full page](evidence/p12/browser/desktop-1440.png)
### Ran Playwright code
```js
// Screenshot full page and save it as evidence/p12/browser/desktop-1440.png
await page.screenshot({
  fullPage: true,
  path: 'evidence/p12/browser/desktop-1440.png',
  scale: 'css',
  type: 'png'
});
```
### Ran Playwright code
```js
await page.setViewportSize({ width: 390, height: 844 });
```
### Ran Playwright code
```js
await page.reload();
```
### Page
- Page URL: http://127.0.0.1:4173/
- Page Title: design-ai Website Improvement Console
### Snapshot
- [Snapshot](.playwright-cli/page-2026-07-15T15-34-14-610Z.yml)
### Result
{
  "viewport": [
    390,
    844
  ],
  "bodyScrollWidth": 390,
  "bodyClientWidth": 390,
  "nav": {
    "display": "flex",
    "height": 52,
    "clientWidth": 390,
    "scrollWidth": 1021,
    "overflowX": "auto",
    "buttonMinHeight": 44,
    "buttonMaxHeight": 44,
    "rowTops": [
      129
    ]
  },
  "mainTop": 387,
  "firstPanelTop": 563
}
### Ran Playwright code
```js
await page.evaluate('() => (({viewport:[innerWidth,innerHeight],bodyScrollWidth:document.body.scrollWidth,bodyClientWidth:document.body.clientWidth,nav:(()=>{const n=document.querySelector(\'.nav-list\');const buttons=[...n.querySelectorAll(\'.nav-button\')];return {display:getComputedStyle(n).display,height:Math.round(n.getBoundingClientRect().height),clientWidth:n.clientWidth,scrollWidth:n.scrollWidth,overflowX:getComputedStyle(n).overflowX,buttonMinHeight:Math.min(...buttons.map(b=>b.getBoundingClientRect().height)),buttonMaxHeight:Math.max(...buttons.map(b=>b.getBoundingClientRect().height)),rowTops:[...new Set(buttons.map(b=>Math.round(b.getBoundingClientRect().top)))]};})(),mainTop:Math.round(document.querySelector(\'main.main\').getBoundingClientRect().top),firstPanelTop:Math.round(document.querySelector(\'.panel\').getBoundingClientRect().top)}))');
```
### Result
- [Screenshot of full page](evidence/p12/browser/mobile-390.png)
### Ran Playwright code
```js
// Screenshot full page and save it as evidence/p12/browser/mobile-390.png
await page.screenshot({
  fullPage: true,
  path: 'evidence/p12/browser/mobile-390.png',
  scale: 'css',
  type: 'png'
});
```
