## VS Code Marketplace listing copy status - 2026-06-23T05:24:41Z

# Corpus counts used by extension README
{
  "pluginVersion": "4.55.0",
  "skills": 20,
  "commands": 17,
  "agents": 4,
  "knowledgeFiles": 92,
  "workedExamples": 223,
  "componentSpecs": 210,
  "integrationWalkthroughs": 5
}

# README stale count scan

# VSIX package evidence
Executing prepublish script 'npm run vscode:prepublish'...

> design-ai-vscode@0.4.0 vscode:prepublish
> npm run compile


> design-ai-vscode@0.4.0 compile
> tsc -p ./

 INFO  Files included in the VSIX:
design-ai-vscode-0.4.0.vsix
├─ [Content_Types].xml 
├─ extension.vsixmanifest 
└─ extension/
   ├─ LICENSE.txt [1.05 KB]
   ├─ changelog.md [1.91 KB]
   ├─ package.json [4.61 KB]
   ├─ readme.md [3.96 KB]
   ├─ media/
   │  ├─ icon.png [2.01 KB]
   │  └─ icon.svg [0.46 KB]
   └─ out/
      ├─ commands.js [11.28 KB]
      ├─ extension.js [4 KB]
      ├─ lib.js [8.57 KB]
      ├─ paths.js [3.56 KB]
      └─ providers/
         └─ trees.js [6.4 KB]

 DONE  Packaged: /tmp/design-ai-vscode-0.4.0.vsix (13 files, 20.29 KB)
