Archive:  _portfolio_export/design_ai_portfolio_pack.zip
    testing: design_ai_portfolio_pack/   OK
    testing: design_ai_portfolio_pack/evidence/   OK
    testing: design_ai_portfolio_pack/evidence/screenshots/   OK
    testing: design_ai_portfolio_pack/evidence/screenshots/cli-execution-screen.html   OK
    testing: design_ai_portfolio_pack/evidence/screenshots/vscode-extension-surface-evidence.png   OK
    testing: design_ai_portfolio_pack/evidence/screenshots/generated-design-artifact.png   OK
    testing: design_ai_portfolio_pack/evidence/screenshots/website-console-accessibility-snapshot.md   OK
    testing: design_ai_portfolio_pack/evidence/screenshots/vscode-extension-surface-evidence.html   OK
    testing: design_ai_portfolio_pack/evidence/screenshots/website-console-home.png   OK
    testing: design_ai_portfolio_pack/evidence/screenshots/cli-execution-screen.png   OK
    testing: design_ai_portfolio_pack/evidence/screenshots/audit-results-evidence.png   OK
    testing: design_ai_portfolio_pack/evidence/screenshots/generated-design-artifact.html   OK
    testing: design_ai_portfolio_pack/evidence/screenshots/website-console-priority.png   OK
    testing: design_ai_portfolio_pack/evidence/screenshots/audit-results-evidence.html   OK
    testing: design_ai_portfolio_pack/evidence/cli-logs/   OK
    testing: design_ai_portfolio_pack/evidence/cli-logs/cli-audit-strict-json.log   OK
    testing: design_ai_portfolio_pack/evidence/cli-logs/cli-screen-route.log   OK
    testing: design_ai_portfolio_pack/evidence/cli-logs/npm-test.log   OK
    testing: design_ai_portfolio_pack/evidence/cli-logs/cli-screen-list-commands.log   OK
    testing: design_ai_portfolio_pack/evidence/cli-logs/cli-site-sample.log   OK
    testing: design_ai_portfolio_pack/evidence/cli-logs/cli-help.log   OK
    testing: design_ai_portfolio_pack/evidence/cli-logs/zip-contents.log   OK
    testing: design_ai_portfolio_pack/evidence/cli-logs/cli-check-design-artifact.log   OK
    testing: design_ai_portfolio_pack/evidence/cli-logs/vscode-extension-compile.log   OK
    testing: design_ai_portfolio_pack/evidence/cli-logs/git-diff-check.log   OK
    testing: design_ai_portfolio_pack/evidence/cli-logs/vscode-marketplace-status.log   OK
    testing: design_ai_portfolio_pack/evidence/cli-logs/cli-site-next-actions.log   OK
    testing: design_ai_portfolio_pack/evidence/cli-logs/zip-integrity.log   OK
    testing: design_ai_portfolio_pack/evidence/cli-logs/cli-version-json.log   OK
    testing: design_ai_portfolio_pack/evidence/cli-logs/ci-local.log   OK
    testing: design_ai_portfolio_pack/evidence/cli-logs/release-check.log   OK
    testing: design_ai_portfolio_pack/evidence/cli-logs/cli-list-skills.log   OK
    testing: design_ai_portfolio_pack/evidence/cli-logs/cli-prompt-output.log   OK
    testing: design_ai_portfolio_pack/evidence/cli-logs/secret-scan.log   OK
    testing: design_ai_portfolio_pack/evidence/cli-logs/cli-search-json.log   OK
    testing: design_ai_portfolio_pack/evidence/cli-logs/cli-route-json.log   OK
    testing: design_ai_portfolio_pack/evidence/cli-logs/github-pages-status.log   OK
    testing: design_ai_portfolio_pack/evidence/cli-logs/vscode-extension-npm-test.log   OK
    testing: design_ai_portfolio_pack/evidence/cli-logs/static-http-server.log   OK
    testing: design_ai_portfolio_pack/evidence/cli-logs/cli-pack-output.log   OK
    testing: design_ai_portfolio_pack/evidence/cli-logs/npm-registry-status.log   OK
    testing: design_ai_portfolio_pack/evidence/architecture/   OK
    testing: design_ai_portfolio_pack/evidence/architecture/current-architecture.md   OK
    testing: design_ai_portfolio_pack/evidence/architecture/cli-sequence.md   OK
    testing: design_ai_portfolio_pack/evidence/audit-results/   OK
    testing: design_ai_portfolio_pack/evidence/audit-results/link-check-detail.log   OK
    testing: design_ai_portfolio_pack/evidence/output-artifacts/   OK
    testing: design_ai_portfolio_pack/evidence/output-artifacts/website-workspace-sample.json   OK
    testing: design_ai_portfolio_pack/evidence/output-artifacts/website-next-actions.md   OK
    testing: design_ai_portfolio_pack/evidence/output-artifacts/landing-audit-pack.md   OK
    testing: design_ai_portfolio_pack/evidence/output-artifacts/button-component-prompt.md   OK
    testing: design_ai_portfolio_pack/evidence/api-responses/   OK
    testing: design_ai_portfolio_pack/evidence/api-responses/not-applicable.md   OK
    testing: design_ai_portfolio_pack/evidence/evidence_manifest.md   OK
    testing: design_ai_portfolio_pack/DEV_LOG.md   OK
    testing: design_ai_portfolio_pack/portfolio_manifest.md   OK
    testing: design_ai_portfolio_pack/docs/   OK
    testing: design_ai_portfolio_pack/docs/evidence-checklist.md   OK
    testing: design_ai_portfolio_pack/docs/QUICKSTART.ko.md   OK
    testing: design_ai_portfolio_pack/docs/external-status.md   OK
    testing: design_ai_portfolio_pack/docs/QUICKSTART.md   OK
    testing: design_ai_portfolio_pack/docs/USING.ko.md   OK
    testing: design_ai_portfolio_pack/docs/readme-improvement.md   OK
    testing: design_ai_portfolio_pack/docs/case-study.md   OK
    testing: design_ai_portfolio_pack/docs/integrations/   OK
    testing: design_ai_portfolio_pack/docs/integrations/vscode-walkthrough.md   OK
    testing: design_ai_portfolio_pack/docs/integrations/vscode-walkthrough.ko.md   OK
    testing: design_ai_portfolio_pack/docs/implementation-evidence.md   OK
    testing: design_ai_portfolio_pack/docs/evidence-gallery.md   OK
    testing: design_ai_portfolio_pack/docs/roadmap.md   OK
    testing: design_ai_portfolio_pack/docs/interview-story.md   OK
    testing: design_ai_portfolio_pack/docs/project-roadmap.md   OK
    testing: design_ai_portfolio_pack/docs/RELEASE-CHECKLIST.md   OK
    testing: design_ai_portfolio_pack/docs/DISTRIBUTION.md   OK
    testing: design_ai_portfolio_pack/docs/USING.md   OK
    testing: design_ai_portfolio_pack/docs/DISTRIBUTION.ko.md   OK
    testing: design_ai_portfolio_pack/docs/resume-bullets.md   OK
    testing: design_ai_portfolio_pack/docs/project-card.md   OK
    testing: design_ai_portfolio_pack/README.md   OK
    testing: design_ai_portfolio_pack/links.md   OK
    testing: design_ai_portfolio_pack/README.ko.md   OK
No errors detected in compressed data of _portfolio_export/design_ai_portfolio_pack.zip.
