design_ai_portfolio_pack/
design_ai_portfolio_pack/evidence/
design_ai_portfolio_pack/evidence/screenshots/
design_ai_portfolio_pack/evidence/screenshots/cli-execution-screen.html
design_ai_portfolio_pack/evidence/screenshots/vscode-extension-surface-evidence.png
design_ai_portfolio_pack/evidence/screenshots/generated-design-artifact.png
design_ai_portfolio_pack/evidence/screenshots/website-console-accessibility-snapshot.md
design_ai_portfolio_pack/evidence/screenshots/vscode-extension-surface-evidence.html
design_ai_portfolio_pack/evidence/screenshots/website-console-home.png
design_ai_portfolio_pack/evidence/screenshots/cli-execution-screen.png
design_ai_portfolio_pack/evidence/screenshots/audit-results-evidence.png
design_ai_portfolio_pack/evidence/screenshots/generated-design-artifact.html
design_ai_portfolio_pack/evidence/screenshots/website-console-priority.png
design_ai_portfolio_pack/evidence/screenshots/audit-results-evidence.html
design_ai_portfolio_pack/evidence/cli-logs/
design_ai_portfolio_pack/evidence/cli-logs/cli-audit-strict-json.log
design_ai_portfolio_pack/evidence/cli-logs/cli-screen-route.log
design_ai_portfolio_pack/evidence/cli-logs/npm-test.log
design_ai_portfolio_pack/evidence/cli-logs/cli-screen-list-commands.log
design_ai_portfolio_pack/evidence/cli-logs/cli-site-sample.log
design_ai_portfolio_pack/evidence/cli-logs/cli-help.log
design_ai_portfolio_pack/evidence/cli-logs/zip-contents.log
design_ai_portfolio_pack/evidence/cli-logs/cli-check-design-artifact.log
design_ai_portfolio_pack/evidence/cli-logs/vscode-extension-compile.log
design_ai_portfolio_pack/evidence/cli-logs/git-diff-check.log
design_ai_portfolio_pack/evidence/cli-logs/vscode-marketplace-status.log
design_ai_portfolio_pack/evidence/cli-logs/cli-site-next-actions.log
design_ai_portfolio_pack/evidence/cli-logs/zip-integrity.log
design_ai_portfolio_pack/evidence/cli-logs/cli-version-json.log
design_ai_portfolio_pack/evidence/cli-logs/ci-local.log
design_ai_portfolio_pack/evidence/cli-logs/release-check.log
design_ai_portfolio_pack/evidence/cli-logs/cli-list-skills.log
design_ai_portfolio_pack/evidence/cli-logs/cli-prompt-output.log
design_ai_portfolio_pack/evidence/cli-logs/secret-scan.log
design_ai_portfolio_pack/evidence/cli-logs/cli-search-json.log
design_ai_portfolio_pack/evidence/cli-logs/cli-route-json.log
design_ai_portfolio_pack/evidence/cli-logs/github-pages-status.log
design_ai_portfolio_pack/evidence/cli-logs/vscode-extension-npm-test.log
design_ai_portfolio_pack/evidence/cli-logs/static-http-server.log
design_ai_portfolio_pack/evidence/cli-logs/cli-pack-output.log
design_ai_portfolio_pack/evidence/cli-logs/npm-registry-status.log
design_ai_portfolio_pack/evidence/architecture/
design_ai_portfolio_pack/evidence/architecture/current-architecture.md
design_ai_portfolio_pack/evidence/architecture/cli-sequence.md
design_ai_portfolio_pack/evidence/audit-results/
design_ai_portfolio_pack/evidence/audit-results/link-check-detail.log
design_ai_portfolio_pack/evidence/output-artifacts/
design_ai_portfolio_pack/evidence/output-artifacts/website-workspace-sample.json
design_ai_portfolio_pack/evidence/output-artifacts/website-next-actions.md
design_ai_portfolio_pack/evidence/output-artifacts/landing-audit-pack.md
design_ai_portfolio_pack/evidence/output-artifacts/button-component-prompt.md
design_ai_portfolio_pack/evidence/api-responses/
design_ai_portfolio_pack/evidence/api-responses/not-applicable.md
design_ai_portfolio_pack/evidence/evidence_manifest.md
design_ai_portfolio_pack/DEV_LOG.md
design_ai_portfolio_pack/portfolio_manifest.md
design_ai_portfolio_pack/docs/
design_ai_portfolio_pack/docs/evidence-checklist.md
design_ai_portfolio_pack/docs/QUICKSTART.ko.md
design_ai_portfolio_pack/docs/external-status.md
design_ai_portfolio_pack/docs/QUICKSTART.md
design_ai_portfolio_pack/docs/USING.ko.md
design_ai_portfolio_pack/docs/readme-improvement.md
design_ai_portfolio_pack/docs/case-study.md
design_ai_portfolio_pack/docs/integrations/
design_ai_portfolio_pack/docs/integrations/vscode-walkthrough.md
design_ai_portfolio_pack/docs/integrations/vscode-walkthrough.ko.md
design_ai_portfolio_pack/docs/implementation-evidence.md
design_ai_portfolio_pack/docs/evidence-gallery.md
design_ai_portfolio_pack/docs/roadmap.md
design_ai_portfolio_pack/docs/interview-story.md
design_ai_portfolio_pack/docs/project-roadmap.md
design_ai_portfolio_pack/docs/RELEASE-CHECKLIST.md
design_ai_portfolio_pack/docs/DISTRIBUTION.md
design_ai_portfolio_pack/docs/USING.md
design_ai_portfolio_pack/docs/DISTRIBUTION.ko.md
design_ai_portfolio_pack/docs/resume-bullets.md
design_ai_portfolio_pack/docs/project-card.md
design_ai_portfolio_pack/README.md
design_ai_portfolio_pack/links.md
design_ai_portfolio_pack/README.ko.md
